<?xml version="1.0" encoding="UTF-8"?>
<testsuite xmlns:xsi="http://www.w3.org/2001/XMLSchema-instance" xsi:noNamespaceSchemaLocation="https://maven.apache.org/surefire/maven-surefire-plugin/xsd/surefire-test-report-3.0.xsd" version="3.0" name="bankAccountApp.BankAccountTest" time="0.0" tests="3" errors="0" skipped="0" failures="0">
  <properties>
[...]
</properties>
  <testcase name="deposit_150_money" classname="bankAccountApp.BankAccountTest" time="0.0"/>
  <testcase name="withdraw_moneyTest" classname="bankAccountApp.BankAccountTest" time="0.0"/>
  <testcase name="deposit_minus_150_money" classname="bankAccountApp.BankAccountTest" time="0.0"/>
</testsuite>